<?xml version="1.0" encoding="UTF-8"?>
<!-- Generated by org.testng.reporters.JUnitReportReporter -->
<testsuite hostname="LAPTOP-KPIT77A2" failures="0" tests="1" name="testCases.LoginTestCase" time="18.070" errors="0" timestamp="2022-09-29T09:52:22 IST" skipped="0">
  <testcase classname="testCases.LoginTestCase" name="runLoginTestCase" time="18.070"/>
  <system-out/>
</testsuite> <!-- testCases.LoginTestCase -->
